DEBUG:rasa.nlu.training_data.loading:Training data format of './data/data.json' is 'rasa_nlu'.
DEBUG:rasa.nlu.training_data.loading:Training data format of './data/data.json' is 'rasa_nlu'.
WARNING:rasa.nlu.config:You have specified the pipeline template 'spacy_sklearn' which has been renamed to 'pretrained_embeddings_spacy'. Please update your code as it will no longer work with future versions of Rasa NLU.
DEBUG:rasa.nlu.training_data.loading:Training data format of './data/data.json' is 'rasa_nlu'.
DEBUG:rasa.nlu.training_data.training_data:Validating training data...
INFO:rasa.nlu.model:Starting to train component WhitespaceTokenizer
INFO:rasa.nlu.model:Finished training component.
INFO:rasa.nlu.model:Starting to train component RegexFeaturizer
INFO:rasa.nlu.model:Finished training component.
INFO:rasa.nlu.model:Starting to train component CRFEntityExtractor
INFO:rasa.nlu.model:Finished training component.
INFO:rasa.nlu.model:Starting to train component EntitySynonymMapper
INFO:rasa.nlu.model:Finished training component.
INFO:rasa.nlu.model:Starting to train component CountVectorsFeaturizer
INFO:rasa.nlu.model:Finished training component.
INFO:rasa.nlu.model:Starting to train component EmbeddingIntentClassifier
DEBUG:rasa.nlu.classifiers.embedding_intent_classifier:Check if num_neg 20 is smaller than number of intents 3, else set num_neg to the number of intents - 1
WARNING:tensorflow:From /usr/local/lib/python3.6/site-packages/rasa/nlu/classifiers/embedding_intent_classifier.py:290: dense (from tensorflow.python.layers.core) is deprecated and will be removed in a future version.
Instructions for updating:
Use keras.layers.dense instead.
WARNING:tensorflow:From /usr/local/lib/python3.6/site-packages/tensorflow/python/framework/op_def_library.py:263: colocate_with (from tensorflow.python.framework.ops) is deprecated and will be removed in a future version.
Instructions for updating:
Colocations handled automatically by placer.
WARNING:tensorflow:From /usr/local/lib/python3.6/site-packages/rasa/nlu/classifiers/embedding_intent_classifier.py:292: dropout (from tensorflow.python.layers.core) is deprecated and will be removed in a future version.
Instructions for updating:
Use keras.layers.dropout instead.
WARNING:tensorflow:From /usr/local/lib/python3.6/site-packages/tensorflow/python/keras/layers/core.py:143: calling dropout (from tensorflow.python.ops.nn_ops) with keep_prob is deprecated and will be removed in a future version.
Instructions for updating:
Please use `rate` instead of `keep_prob`. Rate should be set to `rate = 1 - keep_prob`.
WARNING:tensorflow:From /usr/local/lib/python3.6/site-packages/tensorflow/python/ops/math_ops.py:3066: to_int32 (from tensorflow.python.ops.math_ops) is deprecated and will be removed in a future version.
Instructions for updating:
Use tf.cast instead.
WARNING:tensorflow:From /usr/local/lib/python3.6/site-packages/tensorflow/python/ops/math_grad.py:102: div (from tensorflow.python.ops.math_ops) is deprecated and will be removed in a future version.
Instructions for updating:
Deprecated in favor of operator or tf.math.divide.
INFO:rasa.nlu.classifiers.embedding_intent_classifier:Accuracy is updated every 10 epochs
INFO:rasa.nlu.classifiers.embedding_intent_classifier:Finished training embedding classifier, loss=0.075, train accuracy=1.000
INFO:rasa.nlu.model:Finished training component.
DEBUG:rasa.nlu.training_data.loading:Training data format of './data/data.json' is 'rasa_nlu'.
DEBUG:rasa.nlu.training_data.training_data:Validating training data...
INFO:rasa.nlu.model:Starting to train component WhitespaceTokenizer
INFO:rasa.nlu.model:Finished training component.
INFO:rasa.nlu.model:Starting to train component RegexFeaturizer
INFO:rasa.nlu.model:Finished training component.
INFO:rasa.nlu.model:Starting to train component CRFEntityExtractor
INFO:rasa.nlu.model:Finished training component.
INFO:rasa.nlu.model:Starting to train component EntitySynonymMapper
INFO:rasa.nlu.model:Finished training component.
INFO:rasa.nlu.model:Starting to train component CountVectorsFeaturizer
INFO:rasa.nlu.model:Finished training component.
INFO:rasa.nlu.model:Starting to train component EmbeddingIntentClassifier
DEBUG:rasa.nlu.classifiers.embedding_intent_classifier:Check if num_neg 20 is smaller than number of intents 3, else set num_neg to the number of intents - 1
WARNING:tensorflow:From /usr/local/lib/python3.6/site-packages/rasa/nlu/classifiers/embedding_intent_classifier.py:290: dense (from tensorflow.python.layers.core) is deprecated and will be removed in a future version.
Instructions for updating:
Use keras.layers.dense instead.
WARNING:tensorflow:From /usr/local/lib/python3.6/site-packages/tensorflow/python/framework/op_def_library.py:263: colocate_with (from tensorflow.python.framework.ops) is deprecated and will be removed in a future version.
Instructions for updating:
Colocations handled automatically by placer.
WARNING:tensorflow:From /usr/local/lib/python3.6/site-packages/rasa/nlu/classifiers/embedding_intent_classifier.py:292: dropout (from tensorflow.python.layers.core) is deprecated and will be removed in a future version.
Instructions for updating:
Use keras.layers.dropout instead.
WARNING:tensorflow:From /usr/local/lib/python3.6/site-packages/tensorflow/python/keras/layers/core.py:143: calling dropout (from tensorflow.python.ops.nn_ops) with keep_prob is deprecated and will be removed in a future version.
Instructions for updating:
Please use `rate` instead of `keep_prob`. Rate should be set to `rate = 1 - keep_prob`.
WARNING:tensorflow:From /usr/local/lib/python3.6/site-packages/tensorflow/python/ops/math_ops.py:3066: to_int32 (from tensorflow.python.ops.math_ops) is deprecated and will be removed in a future version.
Instructions for updating:
Use tf.cast instead.
WARNING:tensorflow:From /usr/local/lib/python3.6/site-packages/tensorflow/python/ops/math_grad.py:102: div (from tensorflow.python.ops.math_ops) is deprecated and will be removed in a future version.
Instructions for updating:
Deprecated in favor of operator or tf.math.divide.
INFO:rasa.nlu.classifiers.embedding_intent_classifier:Accuracy is updated every 10 epochs
INFO:rasa.nlu.classifiers.embedding_intent_classifier:Finished training embedding classifier, loss=0.069, train accuracy=1.000
INFO:rasa.nlu.model:Finished training component.
INFO:rasa.nlu.model:Successfully saved model into '/home/kumpiy02/Documents/RasaProject/RasaDemo/models/nlu'
DEBUG:rasa.nlu.training_data.loading:Training data format of './data/data.json' is 'rasa_nlu'.
DEBUG:rasa.nlu.training_data.training_data:Validating training data...
INFO:rasa.nlu.model:Starting to train component WhitespaceTokenizer
INFO:rasa.nlu.model:Finished training component.
INFO:rasa.nlu.model:Starting to train component RegexFeaturizer
INFO:rasa.nlu.model:Finished training component.
INFO:rasa.nlu.model:Starting to train component CRFEntityExtractor
INFO:rasa.nlu.model:Finished training component.
INFO:rasa.nlu.model:Starting to train component EntitySynonymMapper
INFO:rasa.nlu.model:Finished training component.
INFO:rasa.nlu.model:Starting to train component CountVectorsFeaturizer
INFO:rasa.nlu.model:Finished training component.
INFO:rasa.nlu.model:Starting to train component EmbeddingIntentClassifier
DEBUG:rasa.nlu.classifiers.embedding_intent_classifier:Check if num_neg 20 is smaller than number of intents 3, else set num_neg to the number of intents - 1
WARNING:tensorflow:From /usr/local/lib/python3.6/site-packages/rasa/nlu/classifiers/embedding_intent_classifier.py:290: dense (from tensorflow.python.layers.core) is deprecated and will be removed in a future version.
Instructions for updating:
Use keras.layers.dense instead.
WARNING:tensorflow:From /usr/local/lib/python3.6/site-packages/tensorflow/python/framework/op_def_library.py:263: colocate_with (from tensorflow.python.framework.ops) is deprecated and will be removed in a future version.
Instructions for updating:
Colocations handled automatically by placer.
WARNING:tensorflow:From /usr/local/lib/python3.6/site-packages/rasa/nlu/classifiers/embedding_intent_classifier.py:292: dropout (from tensorflow.python.layers.core) is deprecated and will be removed in a future version.
Instructions for updating:
Use keras.layers.dropout instead.
WARNING:tensorflow:From /usr/local/lib/python3.6/site-packages/tensorflow/python/keras/layers/core.py:143: calling dropout (from tensorflow.python.ops.nn_ops) with keep_prob is deprecated and will be removed in a future version.
Instructions for updating:
Please use `rate` instead of `keep_prob`. Rate should be set to `rate = 1 - keep_prob`.
WARNING:tensorflow:From /usr/local/lib/python3.6/site-packages/tensorflow/python/ops/math_ops.py:3066: to_int32 (from tensorflow.python.ops.math_ops) is deprecated and will be removed in a future version.
Instructions for updating:
Use tf.cast instead.
WARNING:tensorflow:From /usr/local/lib/python3.6/site-packages/tensorflow/python/ops/math_grad.py:102: div (from tensorflow.python.ops.math_ops) is deprecated and will be removed in a future version.
Instructions for updating:
Deprecated in favor of operator or tf.math.divide.
INFO:rasa.nlu.classifiers.embedding_intent_classifier:Accuracy is updated every 10 epochs
INFO:rasa.nlu.classifiers.embedding_intent_classifier:Finished training embedding classifier, loss=0.071, train accuracy=1.000
INFO:rasa.nlu.model:Finished training component.
INFO:rasa.nlu.model:Successfully saved model into '/home/kumpiy02/Documents/RasaProject/RasaDemo/models/nlu'
DEBUG:rasa.nlu.training_data.loading:Training data format of './data/data.json' is 'rasa_nlu'.
DEBUG:rasa.nlu.training_data.training_data:Validating training data...
INFO:rasa.nlu.model:Starting to train component WhitespaceTokenizer
INFO:rasa.nlu.model:Finished training component.
INFO:rasa.nlu.model:Starting to train component RegexFeaturizer
INFO:rasa.nlu.model:Finished training component.
INFO:rasa.nlu.model:Starting to train component CRFEntityExtractor
INFO:rasa.nlu.model:Finished training component.
INFO:rasa.nlu.model:Starting to train component EntitySynonymMapper
INFO:rasa.nlu.model:Finished training component.
INFO:rasa.nlu.model:Starting to train component CountVectorsFeaturizer
INFO:rasa.nlu.model:Finished training component.
INFO:rasa.nlu.model:Starting to train component EmbeddingIntentClassifier
DEBUG:rasa.nlu.classifiers.embedding_intent_classifier:Check if num_neg 20 is smaller than number of intents 3, else set num_neg to the number of intents - 1
WARNING:tensorflow:From /usr/local/lib/python3.6/site-packages/rasa/nlu/classifiers/embedding_intent_classifier.py:290: dense (from tensorflow.python.layers.core) is deprecated and will be removed in a future version.
Instructions for updating:
Use keras.layers.dense instead.
WARNING:tensorflow:From /usr/local/lib/python3.6/site-packages/tensorflow/python/framework/op_def_library.py:263: colocate_with (from tensorflow.python.framework.ops) is deprecated and will be removed in a future version.
Instructions for updating:
Colocations handled automatically by placer.
WARNING:tensorflow:From /usr/local/lib/python3.6/site-packages/rasa/nlu/classifiers/embedding_intent_classifier.py:292: dropout (from tensorflow.python.layers.core) is deprecated and will be removed in a future version.
Instructions for updating:
Use keras.layers.dropout instead.
WARNING:tensorflow:From /usr/local/lib/python3.6/site-packages/tensorflow/python/keras/layers/core.py:143: calling dropout (from tensorflow.python.ops.nn_ops) with keep_prob is deprecated and will be removed in a future version.
Instructions for updating:
Please use `rate` instead of `keep_prob`. Rate should be set to `rate = 1 - keep_prob`.
WARNING:tensorflow:From /usr/local/lib/python3.6/site-packages/tensorflow/python/ops/math_ops.py:3066: to_int32 (from tensorflow.python.ops.math_ops) is deprecated and will be removed in a future version.
Instructions for updating:
Use tf.cast instead.
WARNING:tensorflow:From /usr/local/lib/python3.6/site-packages/tensorflow/python/ops/math_grad.py:102: div (from tensorflow.python.ops.math_ops) is deprecated and will be removed in a future version.
Instructions for updating:
Deprecated in favor of operator or tf.math.divide.
INFO:rasa.nlu.classifiers.embedding_intent_classifier:Accuracy is updated every 10 epochs
INFO:rasa.nlu.classifiers.embedding_intent_classifier:Finished training embedding classifier, loss=0.070, train accuracy=1.000
INFO:rasa.nlu.model:Finished training component.
INFO:rasa.nlu.model:Successfully saved model into '/home/kumpiy02/Documents/RasaProject/RasaDemo/models/nlu'
DEBUG:rasa.nlu.training_data.loading:Training data format of './data/data.json' is 'rasa_nlu'.
DEBUG:rasa.nlu.training_data.training_data:Validating training data...
INFO:rasa.nlu.model:Starting to train component WhitespaceTokenizer
INFO:rasa.nlu.model:Finished training component.
INFO:rasa.nlu.model:Starting to train component RegexFeaturizer
INFO:rasa.nlu.model:Finished training component.
INFO:rasa.nlu.model:Starting to train component CRFEntityExtractor
INFO:rasa.nlu.model:Finished training component.
INFO:rasa.nlu.model:Starting to train component EntitySynonymMapper
INFO:rasa.nlu.model:Finished training component.
INFO:rasa.nlu.model:Starting to train component CountVectorsFeaturizer
INFO:rasa.nlu.model:Finished training component.
INFO:rasa.nlu.model:Starting to train component EmbeddingIntentClassifier
DEBUG:rasa.nlu.classifiers.embedding_intent_classifier:Check if num_neg 20 is smaller than number of intents 3, else set num_neg to the number of intents - 1
WARNING:tensorflow:From /usr/local/lib/python3.6/site-packages/rasa/nlu/classifiers/embedding_intent_classifier.py:290: dense (from tensorflow.python.layers.core) is deprecated and will be removed in a future version.
Instructions for updating:
Use keras.layers.dense instead.
WARNING:tensorflow:From /usr/local/lib/python3.6/site-packages/tensorflow/python/framework/op_def_library.py:263: colocate_with (from tensorflow.python.framework.ops) is deprecated and will be removed in a future version.
Instructions for updating:
Colocations handled automatically by placer.
WARNING:tensorflow:From /usr/local/lib/python3.6/site-packages/rasa/nlu/classifiers/embedding_intent_classifier.py:292: dropout (from tensorflow.python.layers.core) is deprecated and will be removed in a future version.
Instructions for updating:
Use keras.layers.dropout instead.
WARNING:tensorflow:From /usr/local/lib/python3.6/site-packages/tensorflow/python/keras/layers/core.py:143: calling dropout (from tensorflow.python.ops.nn_ops) with keep_prob is deprecated and will be removed in a future version.
Instructions for updating:
Please use `rate` instead of `keep_prob`. Rate should be set to `rate = 1 - keep_prob`.
WARNING:tensorflow:From /usr/local/lib/python3.6/site-packages/tensorflow/python/ops/math_ops.py:3066: to_int32 (from tensorflow.python.ops.math_ops) is deprecated and will be removed in a future version.
Instructions for updating:
Use tf.cast instead.
WARNING:tensorflow:From /usr/local/lib/python3.6/site-packages/tensorflow/python/ops/math_grad.py:102: div (from tensorflow.python.ops.math_ops) is deprecated and will be removed in a future version.
Instructions for updating:
Deprecated in favor of operator or tf.math.divide.
INFO:rasa.nlu.classifiers.embedding_intent_classifier:Accuracy is updated every 10 epochs
INFO:rasa.nlu.classifiers.embedding_intent_classifier:Finished training embedding classifier, loss=0.083, train accuracy=1.000
INFO:rasa.nlu.model:Finished training component.
INFO:rasa.nlu.model:Successfully saved model into '/home/kumpiy02/Documents/RasaProject/RasaDemo/models/nlu'
WARNING:tensorflow:From /usr/local/lib/python3.6/site-packages/tensorflow/python/training/saver.py:1266: checkpoint_exists (from tensorflow.python.training.checkpoint_management) is deprecated and will be removed in a future version.
Instructions for updating:
Use standard file APIs to check for files with this prefix.
INFO:tensorflow:Restoring parameters from ./models/nlu/component_5_EmbeddingIntentClassifier.ckpt
